This is pdfTeX, Version 3.141592653-2.6-1.40.22 (MiKTeX 21.6) (preloaded format=pdflatex 2021.9.13)  16 SEP 2021 16:12
entering extended mode
**d:/Classes/Master/TFM/TFMPaper/MasterThesis.tex
(d:/Classes/Master/TFM/TFMPaper/MasterThesis.tex
LaTeX2e <2021-06-01>
L3 programming layer <2021-06-01> (IEEEtran.cls
Document Class: IEEEtran 2012/12/27 V1.8 by Michael Shell
-- See the "IEEEtran_HOWTO" manual for usage information.
-- http://www.michaelshell.org/tex/ieeetran/
\@IEEEtrantmpdimenA=\dimen138
\@IEEEtrantmpdimenB=\dimen139
\@IEEEtrantmpcountA=\count182
\@IEEEtrantmpcountB=\count183
\@IEEEtrantmptoksA=\toks16
LaTeX Font Info:    Trying to load font information for OT1+ptm on input line 368.
(C:\Users\drkzt\AppData\Roaming\MiKTeX\tex/latex/psnfss\ot1ptm.fd
File: ot1ptm.fd 2001/06/04 font definitions for OT1/ptm.
)
** ATTENTION: Single column mode is not typically used with IEEE publications.
-- Using 8.5in x 11in (letter) paper.
-- Using PDF output.
\@IEEEnormalsizeunitybaselineskip=\dimen140
-- This is a 10 point document.
\CLASSINFOnormalsizebaselineskip=\dimen141
\CLASSINFOnormalsizeunitybaselineskip=\dimen142
\IEEEnormaljot=\dimen143
LaTeX Font Info:    Font shape `OT1/ptm/bx/n' in size <5> not available
(Font)              Font shape `OT1/ptm/b/n' tried instead on input line 726.
LaTeX Font Info:    Font shape `OT1/ptm/bx/it' in size <5> not available
(Font)              Font shape `OT1/ptm/b/it' tried instead on input line 726.
LaTeX Font Info:    Font shape `OT1/ptm/bx/n' in size <7> not available
(Font)              Font shape `OT1/ptm/b/n' tried instead on input line 726.
LaTeX Font Info:    Font shape `OT1/ptm/bx/it' in size <7> not available
(Font)              Font shape `OT1/ptm/b/it' tried instead on input line 726.
LaTeX Font Info:    Font shape `OT1/ptm/bx/n' in size <8> not available
(Font)              Font shape `OT1/ptm/b/n' tried instead on input line 726.
LaTeX Font Info:    Font shape `OT1/ptm/bx/it' in size <8> not available
(Font)              Font shape `OT1/ptm/b/it' tried instead on input line 726.
LaTeX Font Info:    Font shape `OT1/ptm/bx/n' in size <9> not available
(Font)              Font shape `OT1/ptm/b/n' tried instead on input line 726.
LaTeX Font Info:    Font shape `OT1/ptm/bx/it' in size <9> not available
(Font)              Font shape `OT1/ptm/b/it' tried instead on input line 726.
LaTeX Font Info:    Font shape `OT1/ptm/bx/n' in size <10> not available
(Font)              Font shape `OT1/ptm/b/n' tried instead on input line 726.
LaTeX Font Info:    Font shape `OT1/ptm/bx/it' in size <10> not available
(Font)              Font shape `OT1/ptm/b/it' tried instead on input line 726.
LaTeX Font Info:    Font shape `OT1/ptm/bx/n' in size <11> not available
(Font)              Font shape `OT1/ptm/b/n' tried instead on input line 726.
LaTeX Font Info:    Font shape `OT1/ptm/bx/it' in size <11> not available
(Font)              Font shape `OT1/ptm/b/it' tried instead on input line 726.
LaTeX Font Info:    Font shape `OT1/ptm/bx/n' in size <12> not available
(Font)              Font shape `OT1/ptm/b/n' tried instead on input line 726.
LaTeX Font Info:    Font shape `OT1/ptm/bx/it' in size <12> not available
(Font)              Font shape `OT1/ptm/b/it' tried instead on input line 726.
LaTeX Font Info:    Font shape `OT1/ptm/bx/n' in size <17> not available
(Font)              Font shape `OT1/ptm/b/n' tried instead on input line 726.
LaTeX Font Info:    Font shape `OT1/ptm/bx/it' in size <17> not available
(Font)              Font shape `OT1/ptm/b/it' tried instead on input line 726.
LaTeX Font Info:    Font shape `OT1/ptm/bx/n' in size <20> not available
(Font)              Font shape `OT1/ptm/b/n' tried instead on input line 726.
LaTeX Font Info:    Font shape `OT1/ptm/bx/it' in size <20> not available
(Font)              Font shape `OT1/ptm/b/it' tried instead on input line 726.
LaTeX Font Info:    Font shape `OT1/ptm/bx/n' in size <24> not available
(Font)              Font shape `OT1/ptm/b/n' tried instead on input line 726.
LaTeX Font Info:    Font shape `OT1/ptm/bx/it' in size <24> not available
(Font)              Font shape `OT1/ptm/b/it' tried instead on input line 726.
\IEEEilabelindentA=\dimen144
\IEEEilabelindentB=\dimen145
\IEEEilabelindent=\dimen146
\IEEEelabelindent=\dimen147
\IEEEdlabelindent=\dimen148
\IEEElabelindent=\dimen149
\IEEEiednormlabelsep=\dimen150
\IEEEiedmathlabelsep=\dimen151
\IEEEiedtopsep=\skip47
\c@section=\count184
\c@subsection=\count185
\c@subsubsection=\count186
\c@paragraph=\count187
\c@IEEEsubequation=\count188
\abovecaptionskip=\skip48
\belowcaptionskip=\skip49
\c@figure=\count189
\c@table=\count190
\@IEEEeqnnumcols=\count191
\@IEEEeqncolcnt=\count192
\@IEEEsubeqnnumrollback=\count193
\@IEEEtmpitemindent=\dimen152
\c@IEEEbiography=\count194
\@IEEEtranrubishbin=\box50
) (C:\Program Files\MiKTeX\tex/latex/blindtext\blindtext.sty
Package: blindtext 2012/01/06 V2.0 blindtext-Package
 (C:\Program Files\MiKTeX\tex/latex/tools\xspace.sty
Package: xspace 2014/10/28 v1.13 Space after command names (DPC,MH)
)
\c@blindtext=\count195
\c@Blindtext=\count196
\c@blind@countparstart=\count197
\blind@countxx=\count198
\blindtext@numBlindtext=\count199
\blind@countyy=\count266
\c@blindlist=\count267
\c@blindlistlevel=\count268
\c@blindlist@level=\count269
\blind@listitem=\count270
\c@blind@listcount=\count271
\c@blind@levelcount=\count272
\blind@mathformula=\count273
\blind@Mathformula=\count274
\c@blind@randomcount=\count275
\c@blind@randommax=\count276
\c@blind@pangramcount=\count277
\c@blind@pangrammax=\count278
) (C:\Users\drkzt\AppData\Roaming\MiKTeX\tex/latex/caption\caption.sty
Package: caption 2020/10/26 v3.5g Customizing captions (AR)
 (C:\Users\drkzt\AppData\Roaming\MiKTeX\tex/latex/caption\caption3.sty
Package: caption3 2020/10/21 v2.2e caption3 kernel (AR)
 (C:\Program Files\MiKTeX\tex/latex/graphics\keyval.sty
Package: keyval 2014/10/28 v1.15 key=value parser (DPC)
\KV@toks@=\toks17
)
\captionmargin=\dimen153
\captionmargin@=\dimen154
\captionwidth=\dimen155
\caption@tempdima=\dimen156
\caption@indent=\dimen157
\caption@parindent=\dimen158
\caption@hangindent=\dimen159
Package caption Info: Unknown document class (or package),
(caption)             standard defaults will be used.
Package caption Info: \@makecaption = \long macro:#1#2->\ifx \@captype \@IEEEtablestring \footnotesize \bgroup \par \centering \@IEEEtabletopskipstrut {\normalfont \footnotesize #1}\\{\normalfont \footnotesize \scshape #2}\par \addvspace {0.5\baselineskip }\egroup \@IEEEtablecaptionsepspace \else \@IEEEfigurecaptionsepspace \setbox \@tempboxa \hbox {\normalfont \footnotesize {#1.}\nobreakspace \nobreakspace #2}\ifdim \wd \@tempboxa >\hsize \setbox \@tempboxa \hbox {\normalfont \footnotesize {#1.}\nobreakspace \nobreakspace }\parbox [t]{\hsize }{\normalfont \footnotesize \noindent \unhbox \@tempboxa #2}\else \ifCLASSOPTIONconference \hbox to\hsize {\normalfont \footnotesize \hfil \box \@tempboxa \hfil }\else \hbox to\hsize {\normalfont \footnotesize \box \@tempboxa \hfil }\fi \fi \fi  on input line 1139.
)

Package caption Warning: Unknown document class (or package),
(caption)                standard defaults will be used.
See the caption package documentation for explanation.

\c@caption@flags=\count279
\c@continuedfloat=\count280
) (C:\Users\drkzt\AppData\Roaming\MiKTeX\tex/latex/caption\subcaption.sty
Package: subcaption 2020/10/07 v1.3j Sub-captions (AR)
\c@subfigure=\count281
\c@subtable=\count282
) (C:\Program Files\MiKTeX\tex/latex/graphics\graphicx.sty
Package: graphicx 2020/12/05 v1.2c Enhanced LaTeX Graphics (DPC,SPQR)
 (C:\Program Files\MiKTeX\tex/latex/graphics\graphics.sty
Package: graphics 2021/03/04 v1.4d Standard LaTeX Graphics (DPC,SPQR)
 (C:\Program Files\MiKTeX\tex/latex/graphics\trig.sty
Package: trig 2016/01/03 v1.10 sin cos tan (DPC)
) (C:\Program Files\MiKTeX\tex/latex/graphics-cfg\graphics.cfg
File: graphics.cfg 2016/06/04 v1.11 sample graphics configuration
)
Package graphics Info: Driver file: pdftex.def on input line 107.
 (C:\Program Files\MiKTeX\tex/latex/graphics-def\pdftex.def
File: pdftex.def 2020/10/05 v1.2a Graphics/color driver for pdftex
))
\Gin@req@height=\dimen160
\Gin@req@width=\dimen161
) (C:\Users\drkzt\AppData\Roaming\MiKTeX\tex/generic/soul\soul.sty
Package: soul 2003/11/17 v2.4 letterspacing/underlining (mf)
\SOUL@word=\toks18
\SOUL@lasttoken=\toks19
\SOUL@cmds=\toks20
\SOUL@buffer=\toks21
\SOUL@token=\toks22
\SOUL@spaceskip=\skip50
\SOUL@ttwidth=\dimen162
\SOUL@uldp=\dimen163
\SOUL@ulht=\dimen164
) (C:\Program Files\MiKTeX\tex/latex/graphics\color.sty
Package: color 2020/02/24 v1.2b Standard LaTeX Color (DPC)
 (C:\Program Files\MiKTeX\tex/latex/graphics-cfg\color.cfg
File: color.cfg 2016/01/02 v1.6 sample color configuration
)
Package color Info: Driver file: pdftex.def on input line 149.
) (C:\Users\drkzt\AppData\Roaming\MiKTeX\tex/latex/cite\cite.sty
LaTeX Info: Redefining \cite on input line 302.
LaTeX Info: Redefining \nocite on input line 332.
Package: cite 2015/02/27  v 5.5
) (C:\Program Files\MiKTeX\tex/latex/l3backend\l3backend-pdftex.def
File: l3backend-pdftex.def 2021-05-07 L3 backend support: PDF output (pdfTeX)
\l__color_backend_stack_int=\count283
\l__pdf_internal_box=\box51
) (d:\Classes\Master\TFM\TFMPaper\build\MasterThesis.aux)
\openout1 = `MasterThesis.aux'.

LaTeX Font Info:    Checking defaults for OML/cmm/m/it on input line 384.
LaTeX Font Info:    ... okay on input line 384.
LaTeX Font Info:    Checking defaults for OMS/cmsy/m/n on input line 384.
LaTeX Font Info:    ... okay on input line 384.
LaTeX Font Info:    Checking defaults for OT1/cmr/m/n on input line 384.
LaTeX Font Info:    ... okay on input line 384.
LaTeX Font Info:    Checking defaults for T1/cmr/m/n on input line 384.
LaTeX Font Info:    ... okay on input line 384.
LaTeX Font Info:    Checking defaults for TS1/cmr/m/n on input line 384.
LaTeX Font Info:    ... okay on input line 384.
LaTeX Font Info:    Checking defaults for OMX/cmex/m/n on input line 384.
LaTeX Font Info:    ... okay on input line 384.
LaTeX Font Info:    Checking defaults for U/cmr/m/n on input line 384.
LaTeX Font Info:    ... okay on input line 384.
Package caption Info: Begin \AtBeginDocument code.
Package caption Info: End \AtBeginDocument code.
 (C:\Program Files\MiKTeX\tex/context/base/mkii\supp-pdf.mkii
[Loading MPS to PDF converter (version 2006.09.02).]
\scratchcounter=\count284
\scratchdimen=\dimen165
\scratchbox=\box52
\nofMPsegments=\count285
\nofMParguments=\count286
\everyMPshowfont=\toks23
\MPscratchCnt=\count287
\MPscratchDim=\dimen166
\MPnumerator=\count288
\makeMPintoPDFobject=\count289
\everyMPtoPDFconversion=\toks24
) (C:\Program Files\MiKTeX\tex/latex/epstopdf-pkg\epstopdf-base.sty
Package: epstopdf-base 2020-01-24 v2.11 Base part for package epstopdf
Package epstopdf-base Info: Redefining graphics rule for `.eps' on input line 485.
 (C:\Program Files\MiKTeX\tex/latex/00miktex\epstopdf-sys.cfg
File: epstopdf-sys.cfg 2021/03/18 v2.0 Configuration of epstopdf for MiKTeX
)) (state_of_the_art.tex [1{C:/Users/drkzt/AppData/Local/MiKTeX/pdftex/config/pdftex.map}]
<resources/style_example.png, id=8, 1877.51437pt x 928.97063pt>
File: resources/style_example.png Graphic file (type png)
<use resources/style_example.png>
Package pdftex.def Info: resources/style_example.png  used on input line 13.
(pdftex.def)             Requested size: 516.0pt x 255.3047pt.
LaTeX Font Info:    External font `cmex10' loaded for size
(Font)              <7> on input line 16.
LaTeX Font Info:    External font `cmex10' loaded for size
(Font)              <5> on input line 16.
<resources/styleface.png, id=10, 328.22626pt x 439.6425pt>
File: resources/styleface.png Graphic file (type png)
<use resources/styleface.png>
Package pdftex.def Info: resources/styleface.png  used on input line 35.
(pdftex.def)             Requested size: 227.62204pt x 304.88986pt.
 [2 <./resources/style_example.png>]) (method.tex [3 <./resources/styleface.png>]
<resources/fervsferplus.png, id=19, 441.14813pt x 194.22563pt>
File: resources/fervsferplus.png Graphic file (type png)
<use resources/fervsferplus.png>
Package pdftex.def Info: resources/fervsferplus.png  used on input line 18.
(pdftex.def)             Requested size: 284.52756pt x 125.27605pt.
<resources/target_styles.png, id=20, 1367.1075pt x 279.29344pt>
File: resources/target_styles.png Graphic file (type png)
<use resources/target_styles.png>
Package pdftex.def Info: resources/target_styles.png  used on input line 33.
(pdftex.def)             Requested size: 464.39685pt x 94.87328pt.
LaTeX Font Info:    External font `cmex10' loaded for size
(Font)              <8> on input line 40.
LaTeX Font Info:    External font `cmex10' loaded for size
(Font)              <6> on input line 40.
 [4 <./resources/fervsferplus.png> <./resources/target_styles.png>]) (physical.tex [5]
<resources/fritzing.png, id=30, 1140.26pt x 525.162pt>
File: resources/fritzing.png Graphic file (type png)
<use resources/fritzing.png>
Package pdftex.def Info: resources/fritzing.png  used on input line 36.
(pdftex.def)             Requested size: 361.19843pt x 166.34843pt.
<resources/final_robot_assembly_view2.png, id=31, 1649.16125pt x 784.9325pt>
File: resources/final_robot_assembly_view2.png Graphic file (type png)
<use resources/final_robot_assembly_view2.png>
Package pdftex.def Info: resources/final_robot_assembly_view2.png  used on input line 50.
(pdftex.def)             Requested size: 412.80157pt x 196.47218pt.


LaTeX Warning: `h' float specifier changed to `ht'.

) (experiments.tex [6 <./resources/fritzing.png>] [7 <./resources/final_robot_assembly_view2.png>]
<resources/state_machine.png, id=41, 1354.05875pt x 803.0pt>
File: resources/state_machine.png Graphic file (type png)
<use resources/state_machine.png>
Package pdftex.def Info: resources/state_machine.png  used on input line 47.
(pdftex.def)             Requested size: 516.0pt x 306.01312pt.
LaTeX Font Info:    Trying to load font information for TS1+ptm on input line 62.
 (C:\Users\drkzt\AppData\Roaming\MiKTeX\tex/latex/psnfss\ts1ptm.fd
File: ts1ptm.fd 2001/06/04 font definitions for TS1/ptm.
) [8 <./resources/state_machine.png>]) (results.tex
<resources/final_luxopi.png, id=46, 1534.98468pt x 339.51843pt>
File: resources/final_luxopi.png Graphic file (type png)
<use resources/final_luxopi.png>
Package pdftex.def Info: resources/final_luxopi.png  used on input line 11.
(pdftex.def)             Requested size: 516.0pt x 114.1344pt.
<resources/faceFPS.png, id=47, 416.2752pt x 317.988pt>
File: resources/faceFPS.png Graphic file (type png)
<use resources/faceFPS.png>
Package pdftex.def Info: resources/faceFPS.png  used on input line 23.
(pdftex.def)             Requested size: 165.12378pt x 126.13518pt.
<resources/face_emoFPS.png, id=48, 416.9979pt x 317.988pt>
File: resources/face_emoFPS.png Graphic file (type png)
<use resources/face_emoFPS.png>
Package pdftex.def Info: resources/face_emoFPS.png  used on input line 28.
(pdftex.def)             Requested size: 165.12378pt x 125.91684pt.
<resources/emotionvsframe.png, id=49, 449.0376pt x 340.6326pt>
File: resources/emotionvsframe.png Graphic file (type png)
<use resources/emotionvsframe.png>
Package pdftex.def Info: resources/emotionvsframe.png  used on input line 33.
(pdftex.def)             Requested size: 165.12378pt x 125.25763pt.
 [9 <./resources/final_luxopi.png> <./resources/faceFPS.png> <./resources/face_emoFPS.png> <./resources/emotionvsframe.png>]
<resources/style_norm_comp.png, id=57, 1367.8603pt x 355.3275pt>
File: resources/style_norm_comp.png Graphic file (type png)
<use resources/style_norm_comp.png>
Package pdftex.def Info: resources/style_norm_comp.png  used on input line 84.
(pdftex.def)             Requested size: 464.39685pt x 120.63625pt.
<resources/finalFPS.png, id=58, 490.4724pt x 320.8788pt>
File: resources/finalFPS.png Graphic file (type png)
<use resources/finalFPS.png>
Package pdftex.def Info: resources/finalFPS.png  used on input line 95.
(pdftex.def)             Requested size: 230.4996pt x 150.79968pt.
<resources/result_generation_time.png, id=59, 429.0429pt x 317.988pt>
File: resources/result_generation_time.png Graphic file (type png)
<use resources/result_generation_time.png>
Package pdftex.def Info: resources/result_generation_time.png  used on input line 100.
(pdftex.def)             Requested size: 203.46361pt x 150.79968pt.


LaTeX Warning: `h' float specifier changed to `ht'.

<resources/styletransfer_emogrid.png, id=60, 1458.19781pt x 773.13844pt>
File: resources/styletransfer_emogrid.png Graphic file (type png)
<use resources/styletransfer_emogrid.png>
Package pdftex.def Info: resources/styletransfer_emogrid.png  used on input line 113.
(pdftex.def)             Requested size: 516.0pt x 273.57538pt.

LaTeX Warning: `h' float specifier changed to `ht'.

) [10 <./resources/style_norm_comp.png>] [11 <./resources/finalFPS.png> <./resources/result_generation_time.png> <./resources/styletransfer_emogrid.png>] (conclusions.tex) (MasterThesis.bbl) [12

] (Annex.tex
<resources/altview1.png, id=74, 2166.0925pt x 1107.13625pt>
File: resources/altview1.png Graphic file (type png)
<use resources/altview1.png>
Package pdftex.def Info: resources/altview1.png  used on input line 8.
(pdftex.def)             Requested size: 516.0pt x 263.74158pt.
<resources/altview2.png, id=75, 2166.0925pt x 1107.13625pt>
File: resources/altview2.png Graphic file (type png)
<use resources/altview2.png>
Package pdftex.def Info: resources/altview2.png  used on input line 14.
(pdftex.def)             Requested size: 516.0pt x 263.74158pt.
<resources/altview3.png, id=76, 679.03688pt x 529.22719pt>
File: resources/altview3.png Graphic file (type png)
<use resources/altview3.png>
Package pdftex.def Info: resources/altview3.png  used on input line 20.
(pdftex.def)             Requested size: 516.0pt x 402.17647pt.


LaTeX Warning: `h' float specifier changed to `ht'.

<resources/arm_assembly.png, id=77, 2166.0925pt x 1107.13625pt>
File: resources/arm_assembly.png Graphic file (type png)
<use resources/arm_assembly.png>
Package pdftex.def Info: resources/arm_assembly.png  used on input line 26.
(pdftex.def)             Requested size: 516.0pt x 263.74158pt.

LaTeX Warning: `h' float specifier changed to `ht'.

<resources/LCD_case.png, id=78, 2166.0925pt x 1107.13625pt>
File: resources/LCD_case.png Graphic file (type png)
<use resources/LCD_case.png>
Package pdftex.def Info: resources/LCD_case.png  used on input line 32.
(pdftex.def)             Requested size: 516.0pt x 263.74158pt.

LaTeX Warning: `h' float specifier changed to `ht'.

<resources/internal_wiring.jpg, id=79, 1238.91429pt x 825.94286pt>
File: resources/internal_wiring.jpg Graphic file (type jpg)
<use resources/internal_wiring.jpg>
Package pdftex.def Info: resources/internal_wiring.jpg  used on input line 38.
(pdftex.def)             Requested size: 516.0pt x 344.00758pt.

LaTeX Warning: `h' float specifier changed to `ht'.

) [13

 <./resources/altview1.png> <./resources/altview2.png>] [14 <./resources/altview3.png>] [15 <./resources/arm_assembly.png> <./resources/LCD_case.png>] [16 <./resources/internal_wiring.jpg>] (d:\Classes\Master\TFM\TFMPaper\build\MasterThesis.aux) ) 
Here is how much of TeX's memory you used:
 4014 strings out of 478864
 71980 string characters out of 2858517
 373518 words of memory out of 3000000
 21876 multiletter control sequences out of 15000+600000
 443387 words of font info for 92 fonts, out of 8000000 for 9000
 1144 hyphenation exceptions out of 8191
 57i,8n,66p,1213b,444s stack positions out of 5000i,500n,10000p,200000b,80000s
{C:/Program Files/MiKTeX/fonts/enc/dvips/base/8r.enc}<C:/Program Files/MiKTeX/fonts/type1/public/amsfonts/cm/cmsy7.pfb><C:/Program Files/MiKTeX/fonts/type1/urw/times/utmb8a.pfb><C:/Program Files/MiKTeX/fonts/type1/urw/times/utmr8a.pfb><C:/Program Files/MiKTeX/fonts/type1/urw/times/utmri8a.pfb>
Output written on d:\Classes\Master\TFM\TFMPaper\build\MasterThesis.pdf (16 pages, 22566985 bytes).
PDF statistics:
 117 PDF objects out of 1000 (max. 8388607)
 0 named destinations out of 1000 (max. 500000)
 106 words of extra memory for PDF output out of 10000 (max. 10000000)

